<?xml version="1.0" encoding="UTF-8"?>
<testsuite xmlns:xsi="http://www.w3.org/2001/XMLSchema-instance" xsi:noNamespaceSchemaLocation="https://maven.apache.org/surefire/maven-surefire-plugin/xsd/surefire-test-report.xsd" version="3.0.2" name="com.example.project.RunCucumberTest" time="0.036" tests="1" errors="0" skipped="1" failures="0" flakes="0">
  <properties>
[...]
</properties>
  <testcase name="Belly - a few cukes" classname="RunCucumberTest" time="0.0">
    <skipped type="org.opentest4j.TestAbortedException"><![CDATA[org.opentest4j.TestAbortedException: TODO
	at com.example.project.StepDefinitions.i_wait_hour(StepDefinitions.java:19)
	at ✽.I wait 1 hour(classpath:com/example/project/belly.feature:5)
]]></skipped>
  </testcase>
</testsuite>