<?xml version="1.0" encoding="UTF-8"?>
<testsuite xmlns:xsi="http://www.w3.org/2001/XMLSchema-instance" xsi:noNamespaceSchemaLocation="https://maven.apache.org/surefire/maven-surefire-plugin/xsd/surefire-test-report.xsd" version="3.0.2" name="io.cucumber.skeleton.RunCucumberTest" time="0.295" tests="3" errors="0" skipped="0" failures="0" flakes="0">
  <properties>
[...]
</properties>
  <testcase name="Авторизация пользователя - Успешная авторизация - Examples - Example #1.1" classname="RunCucumberTest" time="0.063">
    <system-out><![CDATA[
@login @positive
&amp#27;[1mScenario Outline:&amp#27;[22m Успешная авторизация                     &amp#27;[90m# classpath:features/login.feature:14&amp#27;[39m
Начинаем сценарий
Открыта страница авторизации
  &amp#27;[32m✔&amp#27;[39m &amp#27;[32m&amp#27;[1mGiven &amp#27;[22mпользователь находится на странице авторизации&amp#27;[39m   &amp#27;[90m# io.cucumber.skeleton.LoginSteps.userIsOnLoginPage()&amp#27;[39m
  &amp#27;[32m✔&amp#27;[39m &amp#27;[32m&amp#27;[1mWhen &amp#27;[22mпользователь вводит логин &amp#27;[1m"user"&amp#27;[22m и пароль &amp#27;[1m"12345"&amp#27;[22m&amp#27;[39m &amp#27;[90m# io.cucumber.skeleton.LoginSteps.userEntersLoginAndPassword(java.lang.String,java.lang.String)&amp#27;[39m
  &amp#27;[32m✔&amp#27;[39m &amp#27;[32m&amp#27;[1mThen &amp#27;[22mсистема показывает сообщение &amp#27;[1m"Добро пожаловать"&amp#27;[22m&amp#27;[39m   &amp#27;[90m# io.cucumber.skeleton.LoginSteps.systemShowsMessage(java.lang.String)&amp#27;[39m
Сценарий завершен
]]></system-out>
    <system-err><![CDATA[июн. 23, 2026 3:54:09 PM org.junit.platform.launcher.core.DiscoveryIssueNotifier logIssues
WARNING: TestEngine with ID 'junit-platform-suite' encountered a non-critical issue during test discovery:

(1) [WARNING] [cucumber] The classpath resource selector 'features' should not be used to select features in a package. Use the package selector with 'features' instead (via @Suite io.cucumber.skeleton.RunCucumberTest).
]]></system-err>
  </testcase>
  <testcase name="Авторизация пользователя - Успешная авторизация - Examples - Example #1.2" classname="RunCucumberTest" time="0.004">
    <system-out><![CDATA[
@login @positive
&amp#27;[1mScenario Outline:&amp#27;[22m Успешная авторизация                         &amp#27;[90m# classpath:features/login.feature:15&amp#27;[39m
Начинаем сценарий
Открыта страница авторизации
  &amp#27;[32m✔&amp#27;[39m &amp#27;[32m&amp#27;[1mGiven &amp#27;[22mпользователь находится на странице авторизации&amp#27;[39m       &amp#27;[90m# io.cucumber.skeleton.LoginSteps.userIsOnLoginPage()&amp#27;[39m
  &amp#27;[32m✔&amp#27;[39m &amp#27;[32m&amp#27;[1mWhen &amp#27;[22mпользователь вводит логин &amp#27;[1m"admin"&amp#27;[22m и пароль &amp#27;[1m"admin123"&amp#27;[22m&amp#27;[39m &amp#27;[90m# io.cucumber.skeleton.LoginSteps.userEntersLoginAndPassword(java.lang.String,java.lang.String)&amp#27;[39m
  &amp#27;[32m✔&amp#27;[39m &amp#27;[32m&amp#27;[1mThen &amp#27;[22mсистема показывает сообщение &amp#27;[1m"Добро пожаловать"&amp#27;[22m&amp#27;[39m       &amp#27;[90m# io.cucumber.skeleton.LoginSteps.systemShowsMessage(java.lang.String)&amp#27;[39m
Сценарий завершен
]]></system-out>
  </testcase>
  <testcase name="Авторизация пользователя - Ошибка при неверном пароле" classname="RunCucumberTest" time="0.003">
    <system-out><![CDATA[
@login @negative
&amp#27;[1mScenario:&amp#27;[22m Ошибка при неверном пароле                       &amp#27;[90m# classpath:features/login.feature:18&amp#27;[39m
Начинаем сценарий
Открыта страница авторизации
  &amp#27;[32m✔&amp#27;[39m &amp#27;[32m&amp#27;[1mGiven &amp#27;[22mпользователь находится на странице авторизации&amp#27;[39m   &amp#27;[90m# io.cucumber.skeleton.LoginSteps.userIsOnLoginPage()&amp#27;[39m
  &amp#27;[32m✔&amp#27;[39m &amp#27;[32m&amp#27;[1mWhen &amp#27;[22mпользователь вводит логин &amp#27;[1m"user"&amp#27;[22m и пароль &amp#27;[1m"wrong"&amp#27;[22m&amp#27;[39m &amp#27;[90m# io.cucumber.skeleton.LoginSteps.userEntersLoginAndPassword(java.lang.String,java.lang.String)&amp#27;[39m
  &amp#27;[32m✔&amp#27;[39m &amp#27;[32m&amp#27;[1mThen &amp#27;[22mсистема показывает сообщение &amp#27;[1m"Ошибка авторизации"&amp#27;[22m&amp#27;[39m &amp#27;[90m# io.cucumber.skeleton.LoginSteps.systemShowsMessage(java.lang.String)&amp#27;[39m
Сценарий завершен
]]></system-out>
  </testcase>
</testsuite>